flatten the array according to W&V'94
hack for last value
flatten the array according to W&V'94
hack for last value
flatten the array according to W&V'94
hack for last value
flatten the array according to W&V'94
hack for last value
!!!adding 1st insignificant trace
S1 score: 46.0 pval: 0.02407956290523583 score no gap: 88.0 pval no gap:1.492260736091211E-6
flatten the array according to W&V'94
hack for last value
running into danger of removing everything!
# For protein S1 repeat 71..136 scored 211.5 scored (no gaps) 211.5 included
# For protein S1 repeat 137..191 scored -30.5 scored (no gaps) 9.5 excluded
# For protein S1 repeat 192..269 scored 174.0 scored (no gaps) 216.0 included
# For protein S1 repeat 270..272 scored 11.0 scored (no gaps) 11.0 excluded
flatten the array according to W&V'94
hack for last value
flatten the array according to W&V'94
hack for last value
!!!adding 1st insignificant trace
S4 score: 32.0 pval: 0.4508849597533585 score no gap: 70.0 pval no gap:4.3428099796960495E-5
flatten the array according to W&V'94
hack for last value
running into danger of removing everything!
# For protein S4 repeat 70..119 scored 147.0 scored (no gaps) 147.0 included
# For protein S4 repeat 120..189 scored -52.0 scored (no gaps) 24.0 excluded
# For protein S4 repeat 193..237 scored 115.0 scored (no gaps) 153.0 included
# For protein S4 repeat 239..241 scored 9.5 scored (no gaps) 9.5 excluded
flatten the array according to W&V'94
hack for last value
flatten the array according to W&V'94
hack for last value
!!!adding 1st insignificant trace
S5 score: 35.0 pval: 0.26022453693781833 score no gap: 127.0 pval no gap:1.299305107949067E-11
flatten the array according to W&V'94
hack for last value
running into danger of removing everything!
# For protein S5 repeat 198..204 scored 24.918552 scored (no gaps) 24.918552 included
# For protein S5 repeat 205..213 scored 17.387497 scored (no gaps) 25.387497 included
# For protein S5 repeat 214..221 scored 5.367386 scored (no gaps) 21.367386 included
# For protein S5 repeat 222..223 scored 1.1824872 scored (no gaps) 1.1824872 excluded
flatten the array according to W&V'94
hack for last value
running into danger of removing everything!
# For protein S5 repeat 136..150 scored 15.875346 scored (no gaps) 15.875346 excluded
# For protein S5 repeat 151..165 scored 40.947376 scored (no gaps) 40.947376 included
# For protein S5 repeat 166..184 scored 10.755138 scored (no gaps) 36.75514 included
# For protein S5 repeat 185..196 scored 6.587754 scored (no gaps) 6.587754 excluded
flatten the array according to W&V'94
hack for last value
!!!adding 1st insignificant trace
S5 score: 31.0 pval: 0.4967026281740857 score no gap: 57.0 pval no gap:8.402898104459267E-4
flatten the array according to W&V'94
hack for last value
running into danger of removing everything!
# For protein S5 repeat 136..150 scored 13.029858 scored (no gaps) 13.029858 excluded
# For protein S5 repeat 151..165 scored 43.487347 scored (no gaps) 43.487347 included
# For protein S5 repeat 166..184 scored 14.491428 scored (no gaps) 40.49143 included
# For protein S5 repeat 185..196 scored 8.780389 scored (no gaps) 8.780389 excluded
flatten the array according to W&V'94
hack for last value
